<?xml version="1.0" encoding="UTF-8"?>
<testng-results skipped="0" failed="0" ignored="0" total="20" passed="20">
  <reporter-output>
  </reporter-output>
  <suite name="book-flight-module" duration-ms="33538" started-at="2020-04-09T19:32:13Z" finished-at="2020-04-09T19:32:46Z">
    <groups>
    </groups>
    <test name="book-flight-3" duration-ms="23380" started-at="2020-04-09T19:32:13Z" finished-at="2020-04-09T19:32:36Z">
      <class name="com.newtours.tests.BookFlightTest">
        <test-method status="PASS" signature="setupDriver(org.testng.ITestContext)[pri:0, instance:com.newtours.tests.BookFlightTest@4f7d0008]" name="setupDriver" is-config="true" duration-ms="5855" started-at="2020-04-09T19:32:13Z" finished-at="2020-04-09T19:32:19Z">
          <params>
            <param index="0">
              <value>
                <![CDATA[org.testng.TestRunner@887af79]]>
              </value>
            </param>
          </params>
          <reporter-output>
          </reporter-output>
        </test-method> <!-- setupDriver -->
        <test-method status="PASS" signature="setupParameters(java.lang.String, java.lang.String)[pri:0, instance:com.newtours.tests.BookFlightTest@4f7d0008]" name="setupParameters" is-config="true" duration-ms="0" started-at="2020-04-09T19:32:19Z" depends-on-methods="com.tests.BaseTest.setupDriver" finished-at="2020-04-09T19:32:19Z">
          <params>
            <param index="0">
              <value>
                <![CDATA[3]]>
              </value>
            </param>
            <param index="1">
              <value>
                <![CDATA[$1753 USD]]>
              </value>
            </param>
          </params>
          <reporter-output>
          </reporter-output>
        </test-method> <!-- setupParameters -->
        <test-method status="PASS" signature="registrationPage()[pri:0, instance:com.newtours.tests.BookFlightTest@4f7d0008]" name="registrationPage" duration-ms="6015" started-at="2020-04-09T19:32:19Z" finished-at="2020-04-09T19:32:25Z">
          <reporter-output>
          </reporter-output>
        </test-method> <!-- registrationPage -->
        <test-method status="PASS" signature="registrationConfirmationPage()[pri:0, instance:com.newtours.tests.BookFlightTest@4f7d0008]" name="registrationConfirmationPage" duration-ms="1328" started-at="2020-04-09T19:32:25Z" depends-on-methods="com.newtours.tests.BookFlightTest.registrationPage" finished-at="2020-04-09T19:32:26Z">
          <reporter-output>
          </reporter-output>
        </test-method> <!-- registrationConfirmationPage -->
        <test-method status="PASS" signature="flightDetailsPage()[pri:0, instance:com.newtours.tests.BookFlightTest@4f7d0008]" name="flightDetailsPage" duration-ms="2979" started-at="2020-04-09T19:32:26Z" depends-on-methods="com.newtours.tests.BookFlightTest.registrationConfirmationPage" finished-at="2020-04-09T19:32:29Z">
          <reporter-output>
          </reporter-output>
        </test-method> <!-- flightDetailsPage -->
        <test-method status="PASS" signature="findFlightPage()[pri:0, instance:com.newtours.tests.BookFlightTest@4f7d0008]" name="findFlightPage" duration-ms="3487" started-at="2020-04-09T19:32:29Z" depends-on-methods="com.newtours.tests.BookFlightTest.flightDetailsPage" finished-at="2020-04-09T19:32:33Z">
          <reporter-output>
          </reporter-output>
        </test-method> <!-- findFlightPage -->
        <test-method status="PASS" signature="flightConfirmationPage()[pri:0, instance:com.newtours.tests.BookFlightTest@4f7d0008]" name="flightConfirmationPage" duration-ms="3607" started-at="2020-04-09T19:32:33Z" depends-on-methods="com.newtours.tests.BookFlightTest.findFlightPage" finished-at="2020-04-09T19:32:36Z">
          <reporter-output>
          </reporter-output>
        </test-method> <!-- flightConfirmationPage -->
        <test-method status="PASS" signature="quitDriver()[pri:0, instance:com.newtours.tests.BookFlightTest@4f7d0008]" name="quitDriver" is-config="true" duration-ms="85" started-at="2020-04-09T19:32:36Z" finished-at="2020-04-09T19:32:36Z">
          <reporter-output>
          </reporter-output>
        </test-method> <!-- quitDriver -->
      </class> <!-- com.newtours.tests.BookFlightTest -->
    </test> <!-- book-flight-3 -->
    <test name="book-flight-1" duration-ms="25760" started-at="2020-04-09T19:32:13Z" finished-at="2020-04-09T19:32:39Z">
      <class name="com.newtours.tests.BookFlightTest">
        <test-method status="PASS" signature="setupDriver(org.testng.ITestContext)[pri:0, instance:com.newtours.tests.BookFlightTest@68c4039c]" name="setupDriver" is-config="true" duration-ms="5749" started-at="2020-04-09T19:32:13Z" finished-at="2020-04-09T19:32:19Z">
          <params>
            <param index="0">
              <value>
                <![CDATA[org.testng.TestRunner@5b87ed94]]>
              </value>
            </param>
          </params>
          <reporter-output>
          </reporter-output>
        </test-method> <!-- setupDriver -->
        <test-method status="PASS" signature="setupParameters(java.lang.String, java.lang.String)[pri:0, instance:com.newtours.tests.BookFlightTest@68c4039c]" name="setupParameters" is-config="true" duration-ms="2" started-at="2020-04-09T19:32:19Z" depends-on-methods="com.tests.BaseTest.setupDriver" finished-at="2020-04-09T19:32:19Z">
          <params>
            <param index="0">
              <value>
                <![CDATA[1]]>
              </value>
            </param>
            <param index="1">
              <value>
                <![CDATA[$584 USD]]>
              </value>
            </param>
          </params>
          <reporter-output>
          </reporter-output>
        </test-method> <!-- setupParameters -->
        <test-method status="PASS" signature="registrationPage()[pri:0, instance:com.newtours.tests.BookFlightTest@68c4039c]" name="registrationPage" duration-ms="11358" started-at="2020-04-09T19:32:19Z" finished-at="2020-04-09T19:32:30Z">
          <reporter-output>
          </reporter-output>
        </test-method> <!-- registrationPage -->
        <test-method status="PASS" signature="registrationConfirmationPage()[pri:0, instance:com.newtours.tests.BookFlightTest@68c4039c]" name="registrationConfirmationPage" duration-ms="2084" started-at="2020-04-09T19:32:30Z" depends-on-methods="com.newtours.tests.BookFlightTest.registrationPage" finished-at="2020-04-09T19:32:32Z">
          <reporter-output>
          </reporter-output>
        </test-method> <!-- registrationConfirmationPage -->
        <test-method status="PASS" signature="flightDetailsPage()[pri:0, instance:com.newtours.tests.BookFlightTest@68c4039c]" name="flightDetailsPage" duration-ms="1443" started-at="2020-04-09T19:32:32Z" depends-on-methods="com.newtours.tests.BookFlightTest.registrationConfirmationPage" finished-at="2020-04-09T19:32:34Z">
          <reporter-output>
          </reporter-output>
        </test-method> <!-- flightDetailsPage -->
        <test-method status="PASS" signature="findFlightPage()[pri:0, instance:com.newtours.tests.BookFlightTest@68c4039c]" name="findFlightPage" duration-ms="3342" started-at="2020-04-09T19:32:34Z" depends-on-methods="com.newtours.tests.BookFlightTest.flightDetailsPage" finished-at="2020-04-09T19:32:37Z">
          <reporter-output>
          </reporter-output>
        </test-method> <!-- findFlightPage -->
        <test-method status="PASS" signature="flightConfirmationPage()[pri:0, instance:com.newtours.tests.BookFlightTest@68c4039c]" name="flightConfirmationPage" duration-ms="1684" started-at="2020-04-09T19:32:37Z" depends-on-methods="com.newtours.tests.BookFlightTest.findFlightPage" finished-at="2020-04-09T19:32:39Z">
          <reporter-output>
          </reporter-output>
        </test-method> <!-- flightConfirmationPage -->
        <test-method status="PASS" signature="quitDriver()[pri:0, instance:com.newtours.tests.BookFlightTest@68c4039c]" name="quitDriver" is-config="true" duration-ms="62" started-at="2020-04-09T19:32:39Z" finished-at="2020-04-09T19:32:39Z">
          <reporter-output>
          </reporter-output>
        </test-method> <!-- quitDriver -->
      </class> <!-- com.newtours.tests.BookFlightTest -->
    </test> <!-- book-flight-1 -->
    <test name="book-flight-4" duration-ms="31265" started-at="2020-04-09T19:32:13Z" finished-at="2020-04-09T19:32:44Z">
      <class name="com.newtours.tests.BookFlightTest">
        <test-method status="PASS" signature="setupDriver(org.testng.ITestContext)[pri:0, instance:com.newtours.tests.BookFlightTest@73ad2d6]" name="setupDriver" is-config="true" duration-ms="6147" started-at="2020-04-09T19:32:13Z" finished-at="2020-04-09T19:32:19Z">
          <params>
            <param index="0">
              <value>
                <![CDATA[org.testng.TestRunner@6e0e048a]]>
              </value>
            </param>
          </params>
          <reporter-output>
          </reporter-output>
        </test-method> <!-- setupDriver -->
        <test-method status="PASS" signature="setupParameters(java.lang.String, java.lang.String)[pri:0, instance:com.newtours.tests.BookFlightTest@73ad2d6]" name="setupParameters" is-config="true" duration-ms="0" started-at="2020-04-09T19:32:19Z" depends-on-methods="com.tests.BaseTest.setupDriver" finished-at="2020-04-09T19:32:19Z">
          <params>
            <param index="0">
              <value>
                <![CDATA[4]]>
              </value>
            </param>
            <param index="1">
              <value>
                <![CDATA[$2338 USD]]>
              </value>
            </param>
          </params>
          <reporter-output>
          </reporter-output>
        </test-method> <!-- setupParameters -->
        <test-method status="PASS" signature="registrationPage()[pri:0, instance:com.newtours.tests.BookFlightTest@73ad2d6]" name="registrationPage" duration-ms="7399" started-at="2020-04-09T19:32:19Z" finished-at="2020-04-09T19:32:26Z">
          <reporter-output>
          </reporter-output>
        </test-method> <!-- registrationPage -->
        <test-method status="PASS" signature="registrationConfirmationPage()[pri:0, instance:com.newtours.tests.BookFlightTest@73ad2d6]" name="registrationConfirmationPage" duration-ms="1363" started-at="2020-04-09T19:32:26Z" depends-on-methods="com.newtours.tests.BookFlightTest.registrationPage" finished-at="2020-04-09T19:32:28Z">
          <reporter-output>
          </reporter-output>
        </test-method> <!-- registrationConfirmationPage -->
        <test-method status="PASS" signature="flightDetailsPage()[pri:0, instance:com.newtours.tests.BookFlightTest@73ad2d6]" name="flightDetailsPage" duration-ms="3067" started-at="2020-04-09T19:32:28Z" depends-on-methods="com.newtours.tests.BookFlightTest.registrationConfirmationPage" finished-at="2020-04-09T19:32:31Z">
          <reporter-output>
          </reporter-output>
        </test-method> <!-- flightDetailsPage -->
        <test-method status="PASS" signature="findFlightPage()[pri:0, instance:com.newtours.tests.BookFlightTest@73ad2d6]" name="findFlightPage" duration-ms="5496" started-at="2020-04-09T19:32:31Z" depends-on-methods="com.newtours.tests.BookFlightTest.flightDetailsPage" finished-at="2020-04-09T19:32:36Z">
          <reporter-output>
          </reporter-output>
        </test-method> <!-- findFlightPage -->
        <test-method status="PASS" signature="flightConfirmationPage()[pri:0, instance:com.newtours.tests.BookFlightTest@73ad2d6]" name="flightConfirmationPage" duration-ms="7720" started-at="2020-04-09T19:32:36Z" depends-on-methods="com.newtours.tests.BookFlightTest.findFlightPage" finished-at="2020-04-09T19:32:44Z">
          <reporter-output>
          </reporter-output>
        </test-method> <!-- flightConfirmationPage -->
        <test-method status="PASS" signature="quitDriver()[pri:0, instance:com.newtours.tests.BookFlightTest@73ad2d6]" name="quitDriver" is-config="true" duration-ms="61" started-at="2020-04-09T19:32:44Z" finished-at="2020-04-09T19:32:44Z">
          <reporter-output>
          </reporter-output>
        </test-method> <!-- quitDriver -->
      </class> <!-- com.newtours.tests.BookFlightTest -->
    </test> <!-- book-flight-4 -->
    <test name="book-flight-2" duration-ms="33538" started-at="2020-04-09T19:32:13Z" finished-at="2020-04-09T19:32:46Z">
      <class name="com.newtours.tests.BookFlightTest">
        <test-method status="PASS" signature="setupDriver(org.testng.ITestContext)[pri:0, instance:com.newtours.tests.BookFlightTest@13deb50e]" name="setupDriver" is-config="true" duration-ms="6043" started-at="2020-04-09T19:32:13Z" finished-at="2020-04-09T19:32:19Z">
          <params>
            <param index="0">
              <value>
                <![CDATA[org.testng.TestRunner@7fac631b]]>
              </value>
            </param>
          </params>
          <reporter-output>
          </reporter-output>
        </test-method> <!-- setupDriver -->
        <test-method status="PASS" signature="setupParameters(java.lang.String, java.lang.String)[pri:0, instance:com.newtours.tests.BookFlightTest@13deb50e]" name="setupParameters" is-config="true" duration-ms="1" started-at="2020-04-09T19:32:19Z" depends-on-methods="com.tests.BaseTest.setupDriver" finished-at="2020-04-09T19:32:19Z">
          <params>
            <param index="0">
              <value>
                <![CDATA[2]]>
              </value>
            </param>
            <param index="1">
              <value>
                <![CDATA[$1169 USD]]>
              </value>
            </param>
          </params>
          <reporter-output>
          </reporter-output>
        </test-method> <!-- setupParameters -->
        <test-method status="PASS" signature="registrationPage()[pri:0, instance:com.newtours.tests.BookFlightTest@13deb50e]" name="registrationPage" duration-ms="9022" started-at="2020-04-09T19:32:19Z" finished-at="2020-04-09T19:32:28Z">
          <reporter-output>
          </reporter-output>
        </test-method> <!-- registrationPage -->
        <test-method status="PASS" signature="registrationConfirmationPage()[pri:0, instance:com.newtours.tests.BookFlightTest@13deb50e]" name="registrationConfirmationPage" duration-ms="1595" started-at="2020-04-09T19:32:28Z" depends-on-methods="com.newtours.tests.BookFlightTest.registrationPage" finished-at="2020-04-09T19:32:30Z">
          <reporter-output>
          </reporter-output>
        </test-method> <!-- registrationConfirmationPage -->
        <test-method status="PASS" signature="flightDetailsPage()[pri:0, instance:com.newtours.tests.BookFlightTest@13deb50e]" name="flightDetailsPage" duration-ms="1559" started-at="2020-04-09T19:32:30Z" depends-on-methods="com.newtours.tests.BookFlightTest.registrationConfirmationPage" finished-at="2020-04-09T19:32:31Z">
          <reporter-output>
          </reporter-output>
        </test-method> <!-- flightDetailsPage -->
        <test-method status="PASS" signature="findFlightPage()[pri:0, instance:com.newtours.tests.BookFlightTest@13deb50e]" name="findFlightPage" duration-ms="4909" started-at="2020-04-09T19:32:31Z" depends-on-methods="com.newtours.tests.BookFlightTest.flightDetailsPage" finished-at="2020-04-09T19:32:36Z">
          <reporter-output>
          </reporter-output>
        </test-method> <!-- findFlightPage -->
        <test-method status="PASS" signature="flightConfirmationPage()[pri:0, instance:com.newtours.tests.BookFlightTest@13deb50e]" name="flightConfirmationPage" duration-ms="10268" started-at="2020-04-09T19:32:36Z" depends-on-methods="com.newtours.tests.BookFlightTest.findFlightPage" finished-at="2020-04-09T19:32:46Z">
          <reporter-output>
          </reporter-output>
        </test-method> <!-- flightConfirmationPage -->
        <test-method status="PASS" signature="quitDriver()[pri:0, instance:com.newtours.tests.BookFlightTest@13deb50e]" name="quitDriver" is-config="true" duration-ms="131" started-at="2020-04-09T19:32:46Z" finished-at="2020-04-09T19:32:46Z">
          <reporter-output>
          </reporter-output>
        </test-method> <!-- quitDriver -->
      </class> <!-- com.newtours.tests.BookFlightTest -->
    </test> <!-- book-flight-2 -->
  </suite> <!-- book-flight-module -->
</testng-results>
