<?xml version="1.0" encoding="UTF-8"?>
<!-- Generated by org.testng.reporters.JUnitXMLReporter -->
<testsuite hostname="Av-Pn-AkshayP" ignored="0" name="book-flight-3" tests="5" failures="0" timestamp="09 Apr 2020 19:32:36 GMT" time="23.38" errors="0">
  <testcase name="registrationPage" time="6.015" classname="com.newtours.tests.BookFlightTest"/>
  <testcase name="registrationConfirmationPage" time="1.328" classname="com.newtours.tests.BookFlightTest"/>
  <testcase name="flightDetailsPage" time="2.979" classname="com.newtours.tests.BookFlightTest"/>
  <testcase name="findFlightPage" time="3.487" classname="com.newtours.tests.BookFlightTest"/>
  <testcase name="flightConfirmationPage" time="3.607" classname="com.newtours.tests.BookFlightTest"/>
</testsuite> <!-- book-flight-3 -->
