<?xml version="1.0" encoding="UTF-8"?>
<!-- Generated by org.testng.reporters.JUnitXMLReporter -->
<testsuite hostname="Av-Pn-AkshayP" ignored="0" name="book-flight-4" tests="5" failures="0" timestamp="09 Apr 2020 19:32:44 GMT" time="31.265" errors="0">
  <testcase name="registrationPage" time="7.399" classname="com.newtours.tests.BookFlightTest"/>
  <testcase name="registrationConfirmationPage" time="1.363" classname="com.newtours.tests.BookFlightTest"/>
  <testcase name="flightDetailsPage" time="3.067" classname="com.newtours.tests.BookFlightTest"/>
  <testcase name="findFlightPage" time="5.496" classname="com.newtours.tests.BookFlightTest"/>
  <testcase name="flightConfirmationPage" time="7.72" classname="com.newtours.tests.BookFlightTest"/>
</testsuite> <!-- book-flight-4 -->
