<?xml version="1.0" encoding="UTF-8"?>
<!-- Generated by org.testng.reporters.JUnitXMLReporter -->
<testsuite hostname="Av-Pn-AkshayP" ignored="0" name="book-flight-2" tests="5" failures="0" timestamp="09 Apr 2020 19:32:46 GMT" time="33.538" errors="0">
  <testcase name="registrationPage" time="9.022" classname="com.newtours.tests.BookFlightTest"/>
  <testcase name="registrationConfirmationPage" time="1.595" classname="com.newtours.tests.BookFlightTest"/>
  <testcase name="flightDetailsPage" time="1.559" classname="com.newtours.tests.BookFlightTest"/>
  <testcase name="findFlightPage" time="4.909" classname="com.newtours.tests.BookFlightTest"/>
  <testcase name="flightConfirmationPage" time="10.268" classname="com.newtours.tests.BookFlightTest"/>
</testsuite> <!-- book-flight-2 -->
